<?xml version="1.0" encoding="UTF-8"?>
<Site BuildName="Linux-clang++"
	BuildStamp="20231027-0722-Experimental"
	Name="abrady-fedora-K2110N0011025"
	Generator="ctest-3.26.4"
	CompilerName="/usr/bin/clang++"
	CompilerVersion="16.0.6"
	OSName="Linux"
	Hostname="abrady-fedora-K2110N0011025"
	OSRelease="6.4.15-200.fc38.x86_64"
	OSVersion="#1 SMP PREEMPT_DYNAMIC Thu Sep  7 00:25:01 UTC 2023"
	OSPlatform="x86_64"
	Is64Bits="1"
	VendorString="GenuineIntel"
	VendorID="Intel Corporation"
	FamilyID="6"
	ModelID="141"
	ProcessorCacheSize="24576"
	NumberOfLogicalCPU="16"
	NumberOfPhysicalCPU="8"
	TotalVirtualMemory="40959"
	TotalPhysicalMemory="31783"
	LogicalProcessorsPerPhysical="2"
	ProcessorClockFrequency="838.521"
	>
	<Testing>
		<StartDateTime>Oct 27 08:58 PDT</StartDateTime>
		<StartTestTime>1698422333</StartTestTime>
		<TestList/>
		<EndDateTime>Oct 27 08:58 PDT</EndDateTime>
		<EndTestTime>1698422333</EndTestTime>
		<ElapsedMinutes>0</ElapsedMinutes>
	</Testing>
</Site>
